% mean class accuracy (train set)	
 5.9834e+01	
 6.2514e+01	
 6.0938e+01	
 6.2768e+01	
 6.4621e+01	
 6.4244e+01	
 6.4739e+01	
 6.3808e+01	
 6.5988e+01	
 6.7178e+01	
 6.7510e+01	
 6.8646e+01	
 6.8959e+01	
 6.9649e+01	
 6.9945e+01	
 7.0422e+01	
 7.1230e+01	
 7.1325e+01	
 7.2093e+01	
 7.1989e+01	
 7.2783e+01	
 7.2933e+01	
 7.2847e+01	
 7.3596e+01	
 7.4160e+01	
 7.5218e+01	
 7.4573e+01	
 7.5600e+01	
 7.4918e+01	
 7.5463e+01	
 7.6013e+01	
 7.6199e+01	
 7.6295e+01	
 7.6980e+01	
 7.8152e+01	
 7.7362e+01	
 7.7961e+01	
 7.8311e+01	
 7.8316e+01	
 7.8488e+01	
 7.8756e+01	
